TN:
SF:src\index.ts
FN:25,(anonymous_1)
FN:41,(anonymous_2)
FN:47,(anonymous_3)
FN:58,(anonymous_4)
FNF:4
FNH:0
FNDA:0,(anonymous_1)
FNDA:0,(anonymous_2)
FNDA:0,(anonymous_3)
FNDA:0,(anonymous_4)
DA:1,2
DA:2,2
DA:3,2
DA:4,2
DA:5,2
DA:6,2
DA:9,2
DA:11,2
DA:12,2
DA:15,2
DA:18,2
DA:19,2
DA:22,2
DA:25,2
DA:26,0
DA:38,2
DA:41,2
DA:42,0
DA:43,0
DA:47,2
DA:48,0
DA:49,0
DA:51,0
DA:53,0
DA:57,2
DA:58,0
DA:59,0
DA:60,0
DA:64,2
LF:29
LH:19
BRDA:12,0,0,2
BRDA:12,0,1,0
BRDA:49,1,0,0
BRDA:57,2,0,0
BRF:4
BRH:1
end_of_record
TN:
SF:src\controllers\auth.controller.ts
FN:10,(anonymous_9)
FN:10,(anonymous_10)
FN:43,(anonymous_11)
FN:43,(anonymous_12)
FN:76,(anonymous_13)
FN:76,(anonymous_14)
FNF:6
FNH:6
FNDA:2,(anonymous_9)
FNDA:2,(anonymous_10)
FNDA:2,(anonymous_11)
FNDA:2,(anonymous_12)
FNDA:1,(anonymous_13)
FNDA:1,(anonymous_14)
DA:2,2
DA:3,2
DA:5,2
DA:8,2
DA:10,2
DA:11,2
DA:12,2
DA:15,2
DA:16,2
DA:17,1
DA:21,1
DA:24,1
DA:29,1
DA:31,1
DA:36,0
DA:37,0
DA:39,0
DA:43,2
DA:44,2
DA:45,2
DA:48,2
DA:49,2
DA:50,0
DA:54,2
DA:55,2
DA:56,1
DA:60,1
DA:65,1
DA:67,1
DA:72,0
DA:76,2
DA:77,1
DA:78,1
DA:79,0
DA:82,1
DA:83,1
DA:84,0
DA:87,1
DA:88,1
DA:90,0
LF:40
LH:32
BRDA:8,0,0,2
BRDA:8,0,1,2
BRDA:16,1,0,1
BRDA:36,2,0,0
BRDA:36,3,0,0
BRDA:36,3,1,0
BRDA:49,4,0,0
BRDA:55,5,0,1
BRDA:78,6,0,0
BRDA:78,7,0,0
BRDA:78,7,1,1
BRDA:78,8,0,1
BRDA:78,8,1,1
BRDA:83,9,0,0
BRF:14
BRH:7
end_of_record
TN:
SF:src\controllers\user.controller.ts
FN:16,(anonymous_9)
FN:16,(anonymous_10)
FN:37,(anonymous_11)
FN:37,(anonymous_12)
FNF:4
FNH:4
FNDA:1,(anonymous_9)
FNDA:1,(anonymous_10)
FNDA:2,(anonymous_11)
FNDA:2,(anonymous_12)
DA:3,2
DA:16,2
DA:17,1
DA:18,1
DA:19,0
DA:23,1
DA:24,1
DA:25,0
DA:29,1
DA:31,1
DA:33,0
DA:37,2
DA:38,2
DA:39,2
DA:40,0
DA:43,2
DA:45,2
DA:46,1
DA:50,1
DA:51,1
DA:52,0
DA:55,1
DA:56,1
DA:59,1
DA:61,1
DA:63,0
LF:26
LH:20
BRDA:18,0,0,0
BRDA:18,1,0,0
BRDA:18,1,1,1
BRDA:18,2,0,1
BRDA:18,2,1,1
BRDA:24,3,0,0
BRDA:39,4,0,0
BRDA:39,5,0,0
BRDA:39,5,1,2
BRDA:39,6,0,2
BRDA:39,6,1,2
BRDA:45,7,0,1
BRDA:45,8,0,2
BRDA:45,8,1,2
BRDA:51,9,0,0
BRF:15
BRH:9
end_of_record
TN:
SF:src\middleware\auth.middleware.ts
FN:20,(anonymous_8)
FN:20,(anonymous_9)
FNF:2
FNH:2
FNDA:7,(anonymous_8)
FNDA:7,(anonymous_9)
DA:2,2
DA:3,2
DA:4,2
DA:7,2
DA:20,7
DA:21,7
DA:23,7
DA:24,7
DA:25,3
DA:28,4
DA:32,4
DA:33,4
DA:35,0
DA:38,4
DA:39,0
DA:43,4
DA:44,4
DA:45,0
DA:49,4
DA:52,4
DA:54,0
DA:55,0
DA:57,0
LF:23
LH:17
BRDA:7,0,0,2
BRDA:7,0,1,2
BRDA:24,1,0,3
BRDA:24,2,0,3
BRDA:24,2,1,4
BRDA:24,3,0,7
BRDA:24,3,1,7
BRDA:38,4,0,0
BRDA:38,5,0,0
BRDA:38,5,1,4
BRDA:38,6,0,4
BRDA:38,6,1,4
BRDA:44,7,0,0
BRDA:54,8,0,0
BRF:14
BRH:10
end_of_record
TN:
SF:src\middleware\errorHandler.ts
FN:8,(anonymous_0)
FN:17,(anonymous_1)
FNF:2
FNH:2
FNDA:3,(anonymous_0)
FNDA:3,(anonymous_1)
DA:4,2
DA:9,3
DA:10,3
DA:11,3
DA:12,3
DA:17,2
DA:24,3
DA:25,3
DA:26,3
DA:29,3
DA:30,3
DA:31,3
DA:32,3
DA:36,3
DA:37,0
DA:38,0
DA:42,3
DA:43,0
DA:44,0
DA:48,3
DA:49,0
DA:50,0
DA:54,3
DA:55,0
DA:59,3
LF:25
LH:18
BRDA:8,0,0,3
BRDA:29,1,0,3
BRDA:36,2,0,0
BRDA:42,3,0,0
BRDA:42,4,0,3
BRDA:42,4,1,0
BRDA:48,5,0,0
BRDA:54,6,0,0
BRDA:61,7,0,3
BRDA:61,7,1,0
BRF:10
BRH:4
end_of_record
TN:
SF:src\models\user.model.ts
FN:45,(anonymous_17)
FN:58,(anonymous_19)
FNF:2
FNH:2
FNDA:9,(anonymous_17)
FNDA:2,(anonymous_19)
DA:1,2
DA:2,2
DA:15,2
DA:45,2
DA:46,9
DA:48,8
DA:49,8
DA:50,8
DA:51,8
DA:53,0
DA:58,2
DA:59,2
DA:62,2
DA:64,2
LF:14
LH:13
BRDA:46,0,0,1
BRF:1
BRH:1
end_of_record
TN:
SF:src\routes\auth.routes.ts
FNF:0
FNH:0
DA:1,2
DA:2,2
DA:3,2
DA:5,2
DA:7,2
DA:8,2
DA:9,2
DA:11,2
LF:8
LH:8
BRF:0
BRH:0
end_of_record
TN:
SF:src\routes\index.ts
FN:8,(anonymous_1)
FNF:1
FNH:0
FNDA:0,(anonymous_1)
DA:1,2
DA:2,2
DA:3,2
DA:5,2
DA:8,2
DA:9,0
DA:17,2
DA:20,2
DA:22,2
LF:9
LH:8
BRF:0
BRH:0
end_of_record
TN:
SF:src\routes\user.routes.ts
FNF:0
FNH:0
DA:1,2
DA:2,2
DA:3,2
DA:5,2
DA:8,2
DA:10,2
DA:11,2
DA:13,2
LF:8
LH:8
BRF:0
BRH:0
end_of_record
TN:
SF:src\utils\db.ts
FN:3,(anonymous_8)
FN:3,(anonymous_9)
FNF:2
FNH:2
FNDA:2,(anonymous_8)
FNDA:2,(anonymous_9)
DA:1,2
DA:3,2
DA:4,2
DA:6,2
DA:7,2
DA:10,0
DA:12,0
DA:13,0
DA:15,0
DA:16,0
DA:20,2
LF:11
LH:6
BRDA:6,0,0,2
BRDA:10,1,0,0
BRDA:10,1,1,0
BRF:3
BRH:1
end_of_record
